[01m[K/home/kasun/catkin_ws/src/PX4_ROS_packages/offboard_control/src/offb_node.cpp:[m[K In function '[01m[Kgeometry_msgs::Quaternion rpy2quat(const Vector3&)[m[K':
[01m[K/home/kasun/catkin_ws/src/PX4_ROS_packages/offboard_control/src/offb_node.cpp:30:45:[m[K [01;31m[Kerror: [m[K'[01m[KsetQuat[m[K' was not declared in this scope
  q1 = setQuat(sin(roll/2), 0, 0, cos(roll/2));
[01;32m[K                                             ^[m[K
[01m[K/home/kasun/catkin_ws/src/PX4_ROS_packages/offboard_control/src/offb_node.cpp:34:37:[m[K [01;31m[Kerror: [m[K'[01m[KquatProd[m[K' was not declared in this scope
  qout = quatProd(q1, quatProd(q2, q3));
[01;32m[K                                     ^[m[K
[01m[K/home/kasun/catkin_ws/src/PX4_ROS_packages/offboard_control/src/offb_node.cpp:34:38:[m[K [01;31m[Kerror: [m[K'[01m[KquatProd[m[K' was not declared in this scope
  qout = quatProd(q1, quatProd(q2, q3));
[01;32m[K                                      ^[m[K
[01m[K/home/kasun/catkin_ws/src/PX4_ROS_packages/offboard_control/src/offb_node.cpp:34:38:[m[K [01;31m[Kerror: [m[Kredeclaration of '[01m[K<typeprefixerror>quatProd[m[K'
[01m[K/home/kasun/catkin_ws/src/PX4_ROS_packages/offboard_control/src/offb_node.cpp:34:37:[m[K [01;36m[Knote: [m[Kprevious declaration '[01m[K<typeprefixerror>quatProd[m[K'
  qout = quatProd(q1, quatProd(q2, q3));
[01;32m[K                                     ^[m[K
[01m[K/home/kasun/catkin_ws/src/PX4_ROS_packages/offboard_control/src/offb_node.cpp:[m[K In function '[01m[Kgeometry_msgs::Quaternion quatProd(const Quaternion&, const Quaternion&)[m[K':
[01m[K/home/kasun/catkin_ws/src/PX4_ROS_packages/offboard_control/src/offb_node.cpp:58:56:[m[K [01;31m[Kerror: [m[K'[01m[KsetQuat[m[K' was not declared in this scope
  qout = setQuat(qout_v(0), qout_v(1), qout_v(2), qout_s);
[01;32m[K                                                        ^[m[K
make[2]: *** [CMakeFiles/offb_node.dir/src/offb_node.cpp.o] Error 1
make[1]: *** [CMakeFiles/offb_node.dir/all] Error 2
make: *** [all] Error 2
